2022-02-25 13:34:58,718 - INFO - Adding job tentatively -- it will be properly scheduled when the scheduler starts
2022-02-25 13:34:58,718 - INFO - Adding job tentatively -- it will be properly scheduled when the scheduler starts
2022-02-25 13:34:58,719 - INFO - Added job "sayHello" to job store "default"
2022-02-25 13:34:58,719 - INFO - Added job "sayHello11" to job store "default"
2022-02-25 13:34:58,719 - INFO - Scheduler started
2022-02-25 13:35:00,726 - INFO - Running job "sayHello (trigger: interval[0:00:02], next run at: 2022-02-25 13:35:00 CST)" (scheduled at 2022-02-25 13:35:00.717787+08:00)
2022-02-25 13:35:00,727 - INFO - Job "sayHello (trigger: interval[0:00:02], next run at: 2022-02-25 13:35:02 CST)" executed successfully
2022-02-25 13:35:02,727 - INFO - Running job "sayHello (trigger: interval[0:00:02], next run at: 2022-02-25 13:35:04 CST)" (scheduled at 2022-02-25 13:35:02.717787+08:00)
2022-02-25 13:35:02,727 - INFO - Running job "sayHello11 (trigger: interval[0:00:04], next run at: 2022-02-25 13:35:06 CST)" (scheduled at 2022-02-25 13:35:02.718305+08:00)
2022-02-25 13:35:02,727 - INFO - Job "sayHello (trigger: interval[0:00:02], next run at: 2022-02-25 13:35:04 CST)" executed successfully
2022-02-25 13:35:02,727 - INFO - Job "sayHello11 (trigger: interval[0:00:04], next run at: 2022-02-25 13:35:06 CST)" executed successfully
2022-02-25 13:35:04,721 - INFO - Running job "sayHello (trigger: interval[0:00:02], next run at: 2022-02-25 13:35:06 CST)" (scheduled at 2022-02-25 13:35:04.717787+08:00)
2022-02-25 13:35:04,721 - INFO - Job "sayHello (trigger: interval[0:00:02], next run at: 2022-02-25 13:35:06 CST)" executed successfully
2022-02-25 13:35:06,725 - INFO - Running job "sayHello (trigger: interval[0:00:02], next run at: 2022-02-25 13:35:08 CST)" (scheduled at 2022-02-25 13:35:06.717787+08:00)
2022-02-25 13:35:06,725 - INFO - Running job "sayHello11 (trigger: interval[0:00:04], next run at: 2022-02-25 13:35:10 CST)" (scheduled at 2022-02-25 13:35:06.718305+08:00)
2022-02-25 13:35:06,725 - INFO - Job "sayHello (trigger: interval[0:00:02], next run at: 2022-02-25 13:35:08 CST)" executed successfully
2022-02-25 13:35:06,726 - INFO - Job "sayHello11 (trigger: interval[0:00:04], next run at: 2022-02-25 13:35:10 CST)" executed successfully
2022-02-25 13:35:08,722 - INFO - Running job "sayHello (trigger: interval[0:00:02], next run at: 2022-02-25 13:35:10 CST)" (scheduled at 2022-02-25 13:35:08.717787+08:00)
2022-02-25 13:35:08,722 - INFO - Job "sayHello (trigger: interval[0:00:02], next run at: 2022-02-25 13:35:10 CST)" executed successfully
2022-02-25 13:35:10,723 - INFO - Running job "sayHello (trigger: interval[0:00:02], next run at: 2022-02-25 13:35:12 CST)" (scheduled at 2022-02-25 13:35:10.717787+08:00)
2022-02-25 13:35:10,723 - INFO - Running job "sayHello11 (trigger: interval[0:00:04], next run at: 2022-02-25 13:35:14 CST)" (scheduled at 2022-02-25 13:35:10.718305+08:00)
2022-02-25 13:35:10,723 - INFO - Job "sayHello (trigger: interval[0:00:02], next run at: 2022-02-25 13:35:12 CST)" executed successfully
2022-02-25 13:35:10,723 - INFO - Job "sayHello11 (trigger: interval[0:00:04], next run at: 2022-02-25 13:35:14 CST)" executed successfully
2022-02-25 13:35:12,724 - INFO - Running job "sayHello (trigger: interval[0:00:02], next run at: 2022-02-25 13:35:14 CST)" (scheduled at 2022-02-25 13:35:12.717787+08:00)
2022-02-25 13:35:12,725 - INFO - Job "sayHello (trigger: interval[0:00:02], next run at: 2022-02-25 13:35:14 CST)" executed successfully
2022-02-25 13:35:14,722 - INFO - Running job "sayHello (trigger: interval[0:00:02], next run at: 2022-02-25 13:35:16 CST)" (scheduled at 2022-02-25 13:35:14.717787+08:00)
2022-02-25 13:35:14,722 - INFO - Running job "sayHello11 (trigger: interval[0:00:04], next run at: 2022-02-25 13:35:18 CST)" (scheduled at 2022-02-25 13:35:14.718305+08:00)
2022-02-25 13:35:14,722 - INFO - Job "sayHello (trigger: interval[0:00:02], next run at: 2022-02-25 13:35:16 CST)" executed successfully
2022-02-25 13:35:14,723 - INFO - Job "sayHello11 (trigger: interval[0:00:04], next run at: 2022-02-25 13:35:18 CST)" executed successfully
2022-02-25 13:35:16,721 - INFO - Running job "sayHello (trigger: interval[0:00:02], next run at: 2022-02-25 13:35:18 CST)" (scheduled at 2022-02-25 13:35:16.717787+08:00)
2022-02-25 13:35:16,721 - INFO - Job "sayHello (trigger: interval[0:00:02], next run at: 2022-02-25 13:35:18 CST)" executed successfully
2022-02-25 13:35:18,723 - INFO - Running job "sayHello (trigger: interval[0:00:02], next run at: 2022-02-25 13:35:20 CST)" (scheduled at 2022-02-25 13:35:18.717787+08:00)
2022-02-25 13:35:18,724 - INFO - Running job "sayHello11 (trigger: interval[0:00:04], next run at: 2022-02-25 13:35:22 CST)" (scheduled at 2022-02-25 13:35:18.718305+08:00)
2022-02-25 13:35:18,724 - INFO - Job "sayHello (trigger: interval[0:00:02], next run at: 2022-02-25 13:35:20 CST)" executed successfully
2022-02-25 13:35:18,724 - INFO - Job "sayHello11 (trigger: interval[0:00:04], next run at: 2022-02-25 13:35:22 CST)" executed successfully
2022-02-25 13:35:20,722 - INFO - Running job "sayHello (trigger: interval[0:00:02], next run at: 2022-02-25 13:35:22 CST)" (scheduled at 2022-02-25 13:35:20.717787+08:00)
2022-02-25 13:35:20,723 - INFO - Job "sayHello (trigger: interval[0:00:02], next run at: 2022-02-25 13:35:22 CST)" executed successfully
2022-02-25 13:35:22,724 - INFO - Running job "sayHello (trigger: interval[0:00:02], next run at: 2022-02-25 13:35:24 CST)" (scheduled at 2022-02-25 13:35:22.717787+08:00)
2022-02-25 13:35:22,724 - INFO - Running job "sayHello11 (trigger: interval[0:00:04], next run at: 2022-02-25 13:35:26 CST)" (scheduled at 2022-02-25 13:35:22.718305+08:00)
2022-02-25 13:35:22,724 - INFO - Job "sayHello (trigger: interval[0:00:02], next run at: 2022-02-25 13:35:24 CST)" executed successfully
2022-02-25 13:35:22,724 - INFO - Job "sayHello11 (trigger: interval[0:00:04], next run at: 2022-02-25 13:35:26 CST)" executed successfully
2022-02-25 13:35:24,722 - INFO - Running job "sayHello (trigger: interval[0:00:02], next run at: 2022-02-25 13:35:26 CST)" (scheduled at 2022-02-25 13:35:24.717787+08:00)
2022-02-25 13:35:24,723 - INFO - Job "sayHello (trigger: interval[0:00:02], next run at: 2022-02-25 13:35:26 CST)" executed successfully
2022-02-25 13:35:26,720 - INFO - Running job "sayHello (trigger: interval[0:00:02], next run at: 2022-02-25 13:35:28 CST)" (scheduled at 2022-02-25 13:35:26.717787+08:00)
2022-02-25 13:35:26,721 - INFO - Running job "sayHello11 (trigger: interval[0:00:04], next run at: 2022-02-25 13:35:30 CST)" (scheduled at 2022-02-25 13:35:26.718305+08:00)
2022-02-25 13:35:26,721 - INFO - Job "sayHello (trigger: interval[0:00:02], next run at: 2022-02-25 13:35:28 CST)" executed successfully
2022-02-25 13:35:26,722 - INFO - Job "sayHello11 (trigger: interval[0:00:04], next run at: 2022-02-25 13:35:30 CST)" executed successfully
2022-02-25 13:35:28,723 - INFO - Running job "sayHello (trigger: interval[0:00:02], next run at: 2022-02-25 13:35:30 CST)" (scheduled at 2022-02-25 13:35:28.717787+08:00)
2022-02-25 13:35:28,724 - INFO - Job "sayHello (trigger: interval[0:00:02], next run at: 2022-02-25 13:35:30 CST)" executed successfully
2022-02-25 13:35:30,719 - INFO - Running job "sayHello (trigger: interval[0:00:02], next run at: 2022-02-25 13:35:32 CST)" (scheduled at 2022-02-25 13:35:30.717787+08:00)
2022-02-25 13:35:30,720 - INFO - Running job "sayHello11 (trigger: interval[0:00:04], next run at: 2022-02-25 13:35:34 CST)" (scheduled at 2022-02-25 13:35:30.718305+08:00)
2022-02-25 13:35:30,720 - INFO - Job "sayHello11 (trigger: interval[0:00:04], next run at: 2022-02-25 13:35:34 CST)" executed successfully
2022-02-25 13:35:30,720 - INFO - Job "sayHello (trigger: interval[0:00:02], next run at: 2022-02-25 13:35:32 CST)" executed successfully
2022-02-25 13:35:32,720 - INFO - Running job "sayHello (trigger: interval[0:00:02], next run at: 2022-02-25 13:35:34 CST)" (scheduled at 2022-02-25 13:35:32.717787+08:00)
2022-02-25 13:35:32,721 - INFO - Job "sayHello (trigger: interval[0:00:02], next run at: 2022-02-25 13:35:34 CST)" executed successfully
2022-02-25 13:35:34,724 - INFO - Running job "sayHello (trigger: interval[0:00:02], next run at: 2022-02-25 13:35:36 CST)" (scheduled at 2022-02-25 13:35:34.717787+08:00)
2022-02-25 13:35:34,724 - INFO - Running job "sayHello11 (trigger: interval[0:00:04], next run at: 2022-02-25 13:35:38 CST)" (scheduled at 2022-02-25 13:35:34.718305+08:00)
2022-02-25 13:35:34,724 - INFO - Job "sayHello11 (trigger: interval[0:00:04], next run at: 2022-02-25 13:35:38 CST)" executed successfully
2022-02-25 13:35:34,724 - INFO - Job "sayHello (trigger: interval[0:00:02], next run at: 2022-02-25 13:35:36 CST)" executed successfully
2022-02-25 13:35:36,722 - INFO - Running job "sayHello (trigger: interval[0:00:02], next run at: 2022-02-25 13:35:38 CST)" (scheduled at 2022-02-25 13:35:36.717787+08:00)
2022-02-25 13:35:36,723 - INFO - Job "sayHello (trigger: interval[0:00:02], next run at: 2022-02-25 13:35:38 CST)" executed successfully
2022-02-25 13:35:38,722 - INFO - Running job "sayHello (trigger: interval[0:00:02], next run at: 2022-02-25 13:35:40 CST)" (scheduled at 2022-02-25 13:35:38.717787+08:00)
2022-02-25 13:35:38,722 - INFO - Running job "sayHello11 (trigger: interval[0:00:04], next run at: 2022-02-25 13:35:42 CST)" (scheduled at 2022-02-25 13:35:38.718305+08:00)
2022-02-25 13:35:38,722 - INFO - Job "sayHello (trigger: interval[0:00:02], next run at: 2022-02-25 13:35:40 CST)" executed successfully
2022-02-25 13:35:38,722 - INFO - Job "sayHello11 (trigger: interval[0:00:04], next run at: 2022-02-25 13:35:42 CST)" executed successfully
2022-02-25 13:35:40,722 - INFO - Running job "sayHello (trigger: interval[0:00:02], next run at: 2022-02-25 13:35:42 CST)" (scheduled at 2022-02-25 13:35:40.717787+08:00)
2022-02-25 13:35:40,722 - INFO - Job "sayHello (trigger: interval[0:00:02], next run at: 2022-02-25 13:35:42 CST)" executed successfully
2022-02-25 13:35:42,722 - INFO - Running job "sayHello (trigger: interval[0:00:02], next run at: 2022-02-25 13:35:44 CST)" (scheduled at 2022-02-25 13:35:42.717787+08:00)
2022-02-25 13:35:42,722 - INFO - Running job "sayHello11 (trigger: interval[0:00:04], next run at: 2022-02-25 13:35:46 CST)" (scheduled at 2022-02-25 13:35:42.718305+08:00)
2022-02-25 13:35:42,722 - INFO - Job "sayHello (trigger: interval[0:00:02], next run at: 2022-02-25 13:35:44 CST)" executed successfully
2022-02-25 13:35:42,723 - INFO - Job "sayHello11 (trigger: interval[0:00:04], next run at: 2022-02-25 13:35:46 CST)" executed successfully
2022-02-25 13:35:44,724 - INFO - Running job "sayHello (trigger: interval[0:00:02], next run at: 2022-02-25 13:35:46 CST)" (scheduled at 2022-02-25 13:35:44.717787+08:00)
2022-02-25 13:35:44,724 - INFO - Job "sayHello (trigger: interval[0:00:02], next run at: 2022-02-25 13:35:46 CST)" executed successfully
2022-02-25 13:35:46,724 - INFO - Running job "sayHello (trigger: interval[0:00:02], next run at: 2022-02-25 13:35:48 CST)" (scheduled at 2022-02-25 13:35:46.717787+08:00)
2022-02-25 13:35:46,724 - INFO - Running job "sayHello11 (trigger: interval[0:00:04], next run at: 2022-02-25 13:35:50 CST)" (scheduled at 2022-02-25 13:35:46.718305+08:00)
2022-02-25 13:35:46,724 - INFO - Job "sayHello (trigger: interval[0:00:02], next run at: 2022-02-25 13:35:48 CST)" executed successfully
2022-02-25 13:35:46,724 - INFO - Job "sayHello11 (trigger: interval[0:00:04], next run at: 2022-02-25 13:35:50 CST)" executed successfully
2022-02-25 13:35:48,723 - INFO - Running job "sayHello (trigger: interval[0:00:02], next run at: 2022-02-25 13:35:50 CST)" (scheduled at 2022-02-25 13:35:48.717787+08:00)
2022-02-25 13:35:48,723 - INFO - Job "sayHello (trigger: interval[0:00:02], next run at: 2022-02-25 13:35:50 CST)" executed successfully
2022-02-25 13:35:50,722 - INFO - Running job "sayHello (trigger: interval[0:00:02], next run at: 2022-02-25 13:35:52 CST)" (scheduled at 2022-02-25 13:35:50.717787+08:00)
2022-02-25 13:35:50,722 - INFO - Running job "sayHello11 (trigger: interval[0:00:04], next run at: 2022-02-25 13:35:54 CST)" (scheduled at 2022-02-25 13:35:50.718305+08:00)
2022-02-25 13:35:50,723 - INFO - Job "sayHello (trigger: interval[0:00:02], next run at: 2022-02-25 13:35:52 CST)" executed successfully
2022-02-25 13:35:50,723 - INFO - Job "sayHello11 (trigger: interval[0:00:04], next run at: 2022-02-25 13:35:54 CST)" executed successfully
2022-02-25 13:35:52,719 - INFO - Running job "sayHello (trigger: interval[0:00:02], next run at: 2022-02-25 13:35:54 CST)" (scheduled at 2022-02-25 13:35:52.717787+08:00)
2022-02-25 13:35:52,719 - INFO - Job "sayHello (trigger: interval[0:00:02], next run at: 2022-02-25 13:35:54 CST)" executed successfully
2022-02-25 13:35:54,722 - INFO - Running job "sayHello (trigger: interval[0:00:02], next run at: 2022-02-25 13:35:56 CST)" (scheduled at 2022-02-25 13:35:54.717787+08:00)
2022-02-25 13:35:54,722 - INFO - Running job "sayHello11 (trigger: interval[0:00:04], next run at: 2022-02-25 13:35:58 CST)" (scheduled at 2022-02-25 13:35:54.718305+08:00)
2022-02-25 13:35:54,722 - INFO - Job "sayHello (trigger: interval[0:00:02], next run at: 2022-02-25 13:35:56 CST)" executed successfully
2022-02-25 13:35:54,723 - INFO - Job "sayHello11 (trigger: interval[0:00:04], next run at: 2022-02-25 13:35:58 CST)" executed successfully
2022-02-25 13:35:56,724 - INFO - Running job "sayHello (trigger: interval[0:00:02], next run at: 2022-02-25 13:35:58 CST)" (scheduled at 2022-02-25 13:35:56.717787+08:00)
2022-02-25 13:35:56,724 - INFO - Job "sayHello (trigger: interval[0:00:02], next run at: 2022-02-25 13:35:58 CST)" executed successfully
2022-02-25 13:35:58,721 - INFO - Running job "sayHello (trigger: interval[0:00:02], next run at: 2022-02-25 13:36:00 CST)" (scheduled at 2022-02-25 13:35:58.717787+08:00)
2022-02-25 13:35:58,721 - INFO - Running job "sayHello11 (trigger: interval[0:00:04], next run at: 2022-02-25 13:36:02 CST)" (scheduled at 2022-02-25 13:35:58.718305+08:00)
2022-02-25 13:35:58,721 - INFO - Job "sayHello (trigger: interval[0:00:02], next run at: 2022-02-25 13:36:00 CST)" executed successfully
2022-02-25 13:35:58,721 - INFO - Job "sayHello11 (trigger: interval[0:00:04], next run at: 2022-02-25 13:36:02 CST)" executed successfully
2022-02-25 13:36:00,724 - INFO - Running job "sayHello (trigger: interval[0:00:02], next run at: 2022-02-25 13:36:02 CST)" (scheduled at 2022-02-25 13:36:00.717787+08:00)
2022-02-25 13:36:00,724 - INFO - Job "sayHello (trigger: interval[0:00:02], next run at: 2022-02-25 13:36:02 CST)" executed successfully
2022-02-25 13:36:02,722 - INFO - Running job "sayHello (trigger: interval[0:00:02], next run at: 2022-02-25 13:36:04 CST)" (scheduled at 2022-02-25 13:36:02.717787+08:00)
2022-02-25 13:36:02,722 - INFO - Running job "sayHello11 (trigger: interval[0:00:04], next run at: 2022-02-25 13:36:06 CST)" (scheduled at 2022-02-25 13:36:02.718305+08:00)
2022-02-25 13:36:02,722 - INFO - Job "sayHello (trigger: interval[0:00:02], next run at: 2022-02-25 13:36:04 CST)" executed successfully
2022-02-25 13:36:02,723 - INFO - Job "sayHello11 (trigger: interval[0:00:04], next run at: 2022-02-25 13:36:06 CST)" executed successfully
2022-02-25 13:36:04,724 - INFO - Running job "sayHello (trigger: interval[0:00:02], next run at: 2022-02-25 13:36:06 CST)" (scheduled at 2022-02-25 13:36:04.717787+08:00)
2022-02-25 13:36:04,724 - INFO - Job "sayHello (trigger: interval[0:00:02], next run at: 2022-02-25 13:36:06 CST)" executed successfully
2022-02-25 13:36:06,724 - INFO - Running job "sayHello (trigger: interval[0:00:02], next run at: 2022-02-25 13:36:08 CST)" (scheduled at 2022-02-25 13:36:06.717787+08:00)
2022-02-25 13:36:06,725 - INFO - Running job "sayHello11 (trigger: interval[0:00:04], next run at: 2022-02-25 13:36:10 CST)" (scheduled at 2022-02-25 13:36:06.718305+08:00)
2022-02-25 13:36:06,725 - INFO - Job "sayHello (trigger: interval[0:00:02], next run at: 2022-02-25 13:36:08 CST)" executed successfully
2022-02-25 13:36:06,725 - INFO - Job "sayHello11 (trigger: interval[0:00:04], next run at: 2022-02-25 13:36:10 CST)" executed successfully
2022-02-25 13:36:08,724 - INFO - Running job "sayHello (trigger: interval[0:00:02], next run at: 2022-02-25 13:36:10 CST)" (scheduled at 2022-02-25 13:36:08.717787+08:00)
2022-02-25 13:36:08,724 - INFO - Job "sayHello (trigger: interval[0:00:02], next run at: 2022-02-25 13:36:10 CST)" executed successfully
2022-02-25 13:36:10,722 - INFO - Running job "sayHello (trigger: interval[0:00:02], next run at: 2022-02-25 13:36:12 CST)" (scheduled at 2022-02-25 13:36:10.717787+08:00)
2022-02-25 13:36:10,723 - INFO - Running job "sayHello11 (trigger: interval[0:00:04], next run at: 2022-02-25 13:36:14 CST)" (scheduled at 2022-02-25 13:36:10.718305+08:00)
2022-02-25 13:36:10,723 - INFO - Job "sayHello (trigger: interval[0:00:02], next run at: 2022-02-25 13:36:12 CST)" executed successfully
2022-02-25 13:36:10,723 - INFO - Job "sayHello11 (trigger: interval[0:00:04], next run at: 2022-02-25 13:36:14 CST)" executed successfully
2022-02-25 13:36:12,721 - INFO - Running job "sayHello (trigger: interval[0:00:02], next run at: 2022-02-25 13:36:14 CST)" (scheduled at 2022-02-25 13:36:12.717787+08:00)
2022-02-25 13:36:12,721 - INFO - Job "sayHello (trigger: interval[0:00:02], next run at: 2022-02-25 13:36:14 CST)" executed successfully
2022-02-25 13:36:14,719 - INFO - Running job "sayHello (trigger: interval[0:00:02], next run at: 2022-02-25 13:36:16 CST)" (scheduled at 2022-02-25 13:36:14.717787+08:00)
2022-02-25 13:36:14,719 - INFO - Running job "sayHello11 (trigger: interval[0:00:04], next run at: 2022-02-25 13:36:18 CST)" (scheduled at 2022-02-25 13:36:14.718305+08:00)
2022-02-25 13:36:14,719 - INFO - Job "sayHello (trigger: interval[0:00:02], next run at: 2022-02-25 13:36:16 CST)" executed successfully
2022-02-25 13:36:14,720 - INFO - Job "sayHello11 (trigger: interval[0:00:04], next run at: 2022-02-25 13:36:18 CST)" executed successfully
2022-02-25 13:36:16,720 - INFO - Running job "sayHello (trigger: interval[0:00:02], next run at: 2022-02-25 13:36:18 CST)" (scheduled at 2022-02-25 13:36:16.717787+08:00)
2022-02-25 13:36:16,721 - INFO - Job "sayHello (trigger: interval[0:00:02], next run at: 2022-02-25 13:36:18 CST)" executed successfully
2022-02-25 13:36:18,723 - INFO - Running job "sayHello (trigger: interval[0:00:02], next run at: 2022-02-25 13:36:20 CST)" (scheduled at 2022-02-25 13:36:18.717787+08:00)
2022-02-25 13:36:18,723 - INFO - Running job "sayHello11 (trigger: interval[0:00:04], next run at: 2022-02-25 13:36:22 CST)" (scheduled at 2022-02-25 13:36:18.718305+08:00)
2022-02-25 13:36:18,725 - INFO - Job "sayHello (trigger: interval[0:00:02], next run at: 2022-02-25 13:36:20 CST)" executed successfully
2022-02-25 13:36:18,725 - INFO - Job "sayHello11 (trigger: interval[0:00:04], next run at: 2022-02-25 13:36:22 CST)" executed successfully
2022-02-25 13:36:20,722 - INFO - Running job "sayHello (trigger: interval[0:00:02], next run at: 2022-02-25 13:36:22 CST)" (scheduled at 2022-02-25 13:36:20.717787+08:00)
2022-02-25 13:36:20,723 - INFO - Job "sayHello (trigger: interval[0:00:02], next run at: 2022-02-25 13:36:22 CST)" executed successfully
2022-02-25 13:36:22,721 - INFO - Running job "sayHello (trigger: interval[0:00:02], next run at: 2022-02-25 13:36:24 CST)" (scheduled at 2022-02-25 13:36:22.717787+08:00)
2022-02-25 13:36:22,721 - INFO - Running job "sayHello11 (trigger: interval[0:00:04], next run at: 2022-02-25 13:36:26 CST)" (scheduled at 2022-02-25 13:36:22.718305+08:00)
2022-02-25 13:36:22,721 - INFO - Job "sayHello (trigger: interval[0:00:02], next run at: 2022-02-25 13:36:24 CST)" executed successfully
2022-02-25 13:36:22,721 - INFO - Job "sayHello11 (trigger: interval[0:00:04], next run at: 2022-02-25 13:36:26 CST)" executed successfully
2022-02-25 13:36:24,723 - INFO - Running job "sayHello (trigger: interval[0:00:02], next run at: 2022-02-25 13:36:26 CST)" (scheduled at 2022-02-25 13:36:24.717787+08:00)
2022-02-25 13:36:24,724 - INFO - Job "sayHello (trigger: interval[0:00:02], next run at: 2022-02-25 13:36:26 CST)" executed successfully
2022-02-25 13:36:26,721 - INFO - Running job "sayHello (trigger: interval[0:00:02], next run at: 2022-02-25 13:36:28 CST)" (scheduled at 2022-02-25 13:36:26.717787+08:00)
2022-02-25 13:36:26,721 - INFO - Running job "sayHello11 (trigger: interval[0:00:04], next run at: 2022-02-25 13:36:30 CST)" (scheduled at 2022-02-25 13:36:26.718305+08:00)
2022-02-25 13:36:26,721 - INFO - Job "sayHello (trigger: interval[0:00:02], next run at: 2022-02-25 13:36:28 CST)" executed successfully
2022-02-25 13:36:26,722 - INFO - Job "sayHello11 (trigger: interval[0:00:04], next run at: 2022-02-25 13:36:30 CST)" executed successfully
2022-02-25 13:36:28,723 - INFO - Running job "sayHello (trigger: interval[0:00:02], next run at: 2022-02-25 13:36:30 CST)" (scheduled at 2022-02-25 13:36:28.717787+08:00)
2022-02-25 13:36:28,724 - INFO - Job "sayHello (trigger: interval[0:00:02], next run at: 2022-02-25 13:36:30 CST)" executed successfully
2022-02-25 13:36:30,724 - INFO - Running job "sayHello (trigger: interval[0:00:02], next run at: 2022-02-25 13:36:32 CST)" (scheduled at 2022-02-25 13:36:30.717787+08:00)
2022-02-25 13:36:30,724 - INFO - Running job "sayHello11 (trigger: interval[0:00:04], next run at: 2022-02-25 13:36:34 CST)" (scheduled at 2022-02-25 13:36:30.718305+08:00)
2022-02-25 13:36:30,725 - INFO - Job "sayHello (trigger: interval[0:00:02], next run at: 2022-02-25 13:36:32 CST)" executed successfully
2022-02-25 13:36:30,725 - INFO - Job "sayHello11 (trigger: interval[0:00:04], next run at: 2022-02-25 13:36:34 CST)" executed successfully
2022-02-25 13:36:32,721 - INFO - Running job "sayHello (trigger: interval[0:00:02], next run at: 2022-02-25 13:36:34 CST)" (scheduled at 2022-02-25 13:36:32.717787+08:00)
2022-02-25 13:36:32,722 - INFO - Job "sayHello (trigger: interval[0:00:02], next run at: 2022-02-25 13:36:34 CST)" executed successfully
2022-02-25 13:36:34,720 - INFO - Running job "sayHello (trigger: interval[0:00:02], next run at: 2022-02-25 13:36:36 CST)" (scheduled at 2022-02-25 13:36:34.717787+08:00)
2022-02-25 13:36:34,720 - INFO - Running job "sayHello11 (trigger: interval[0:00:04], next run at: 2022-02-25 13:36:38 CST)" (scheduled at 2022-02-25 13:36:34.718305+08:00)
2022-02-25 13:36:34,721 - INFO - Job "sayHello (trigger: interval[0:00:02], next run at: 2022-02-25 13:36:36 CST)" executed successfully
2022-02-25 13:36:34,721 - INFO - Job "sayHello11 (trigger: interval[0:00:04], next run at: 2022-02-25 13:36:38 CST)" executed successfully
2022-02-25 13:36:36,724 - INFO - Running job "sayHello (trigger: interval[0:00:02], next run at: 2022-02-25 13:36:38 CST)" (scheduled at 2022-02-25 13:36:36.717787+08:00)
2022-02-25 13:36:36,724 - INFO - Job "sayHello (trigger: interval[0:00:02], next run at: 2022-02-25 13:36:38 CST)" executed successfully
2022-02-25 13:36:38,719 - INFO - Running job "sayHello (trigger: interval[0:00:02], next run at: 2022-02-25 13:36:40 CST)" (scheduled at 2022-02-25 13:36:38.717787+08:00)
2022-02-25 13:36:38,719 - INFO - Job "sayHello (trigger: interval[0:00:02], next run at: 2022-02-25 13:36:40 CST)" executed successfully
2022-02-25 13:36:38,720 - INFO - Running job "sayHello11 (trigger: interval[0:00:04], next run at: 2022-02-25 13:36:42 CST)" (scheduled at 2022-02-25 13:36:38.718305+08:00)
2022-02-25 13:36:38,720 - INFO - Job "sayHello11 (trigger: interval[0:00:04], next run at: 2022-02-25 13:36:42 CST)" executed successfully
2022-02-25 13:36:40,723 - INFO - Running job "sayHello (trigger: interval[0:00:02], next run at: 2022-02-25 13:36:42 CST)" (scheduled at 2022-02-25 13:36:40.717787+08:00)
2022-02-25 13:36:40,723 - INFO - Job "sayHello (trigger: interval[0:00:02], next run at: 2022-02-25 13:36:42 CST)" executed successfully
2022-02-25 13:36:42,723 - INFO - Running job "sayHello (trigger: interval[0:00:02], next run at: 2022-02-25 13:36:44 CST)" (scheduled at 2022-02-25 13:36:42.717787+08:00)
2022-02-25 13:36:42,723 - INFO - Running job "sayHello11 (trigger: interval[0:00:04], next run at: 2022-02-25 13:36:46 CST)" (scheduled at 2022-02-25 13:36:42.718305+08:00)
2022-02-25 13:36:42,723 - INFO - Job "sayHello11 (trigger: interval[0:00:04], next run at: 2022-02-25 13:36:46 CST)" executed successfully
2022-02-25 13:36:42,724 - INFO - Job "sayHello (trigger: interval[0:00:02], next run at: 2022-02-25 13:36:44 CST)" executed successfully
2022-02-25 13:36:44,721 - INFO - Running job "sayHello (trigger: interval[0:00:02], next run at: 2022-02-25 13:36:46 CST)" (scheduled at 2022-02-25 13:36:44.717787+08:00)
2022-02-25 13:36:44,722 - INFO - Job "sayHello (trigger: interval[0:00:02], next run at: 2022-02-25 13:36:46 CST)" executed successfully
2022-02-25 13:36:46,723 - INFO - Running job "sayHello (trigger: interval[0:00:02], next run at: 2022-02-25 13:36:48 CST)" (scheduled at 2022-02-25 13:36:46.717787+08:00)
2022-02-25 13:36:46,723 - INFO - Running job "sayHello11 (trigger: interval[0:00:04], next run at: 2022-02-25 13:36:50 CST)" (scheduled at 2022-02-25 13:36:46.718305+08:00)
2022-02-25 13:36:46,723 - INFO - Job "sayHello (trigger: interval[0:00:02], next run at: 2022-02-25 13:36:48 CST)" executed successfully
2022-02-25 13:36:46,723 - INFO - Job "sayHello11 (trigger: interval[0:00:04], next run at: 2022-02-25 13:36:50 CST)" executed successfully
2022-02-25 13:36:48,720 - INFO - Running job "sayHello (trigger: interval[0:00:02], next run at: 2022-02-25 13:36:50 CST)" (scheduled at 2022-02-25 13:36:48.717787+08:00)
2022-02-25 13:36:48,721 - INFO - Job "sayHello (trigger: interval[0:00:02], next run at: 2022-02-25 13:36:50 CST)" executed successfully
2022-02-25 13:36:50,723 - INFO - Running job "sayHello (trigger: interval[0:00:02], next run at: 2022-02-25 13:36:52 CST)" (scheduled at 2022-02-25 13:36:50.717787+08:00)
2022-02-25 13:36:50,723 - INFO - Running job "sayHello11 (trigger: interval[0:00:04], next run at: 2022-02-25 13:36:54 CST)" (scheduled at 2022-02-25 13:36:50.718305+08:00)
2022-02-25 13:36:50,723 - INFO - Job "sayHello (trigger: interval[0:00:02], next run at: 2022-02-25 13:36:52 CST)" executed successfully
2022-02-25 13:36:50,723 - INFO - Job "sayHello11 (trigger: interval[0:00:04], next run at: 2022-02-25 13:36:54 CST)" executed successfully
2022-02-25 13:36:52,723 - INFO - Running job "sayHello (trigger: interval[0:00:02], next run at: 2022-02-25 13:36:54 CST)" (scheduled at 2022-02-25 13:36:52.717787+08:00)
2022-02-25 13:36:52,724 - INFO - Job "sayHello (trigger: interval[0:00:02], next run at: 2022-02-25 13:36:54 CST)" executed successfully
2022-02-25 13:36:54,722 - INFO - Running job "sayHello (trigger: interval[0:00:02], next run at: 2022-02-25 13:36:56 CST)" (scheduled at 2022-02-25 13:36:54.717787+08:00)
2022-02-25 13:36:54,722 - INFO - Running job "sayHello11 (trigger: interval[0:00:04], next run at: 2022-02-25 13:36:58 CST)" (scheduled at 2022-02-25 13:36:54.718305+08:00)
2022-02-25 13:36:54,722 - INFO - Job "sayHello (trigger: interval[0:00:02], next run at: 2022-02-25 13:36:56 CST)" executed successfully
2022-02-25 13:36:54,722 - INFO - Job "sayHello11 (trigger: interval[0:00:04], next run at: 2022-02-25 13:36:58 CST)" executed successfully
2022-02-25 14:01:01,295 - INFO - Adding job tentatively -- it will be properly scheduled when the scheduler starts
2022-02-25 14:01:01,296 - INFO - Added job "append_everyday_data" to job store "default"
2022-02-25 14:01:01,296 - INFO - Scheduler started
